# JRE version: OpenJDK Runtime Environment (8.0_112-b06) (build 1.8.0_112-release-b06)
# Java VM: OpenJDK 64-Bit Server VM (25.112-b06 mixed mode windows-amd64 compressed oops)
Heap:
 PSYoungGen      total 430080K, used 303966K [0x00000000e0000000, 0x00000000ff980000, 0x0000000100000000)
  eden space 343040K, 80% used [0x00000000e0000000,0x00000000f0dc5ae8,0x00000000f4f00000)
  from space 87040K, 31% used [0x00000000f4f00000,0x00000000f6a11f20,0x00000000fa400000)
  to   space 83968K, 0% used [0x00000000fa780000,0x00000000fa780000,0x00000000ff980000)
 ParOldGen       total 971776K, used 735187K [0x00000000a0000000, 0x00000000db500000, 0x00000000e0000000)
  object space 971776K, 75% used [0x00000000a0000000,0x00000000ccdf4dc0,0x00000000db500000)
 Metaspace       used 131770K, capacity 141184K, committed 141440K, reserved 1173504K
  class space    used 15877K, capacity 17210K, committed 17280K, reserved 1048576K
GC Heap History (10 events):
Event: 11485.873 GC heap before
{Heap before GC invocations=120 (full 12):
 PSYoungGen      total 428544K, used 345850K [0x00000000e0000000, 0x0000000100000000, 0x0000000100000000)
  eden space 334848K, 100% used [0x00000000e0000000,0x00000000f4700000,0x00000000f4700000)
  from space 93696K, 11% used [0x00000000fa480000,0x00000000faf3eba0,0x0000000100000000)
  to   space 94720K, 0% used [0x00000000f4700000,0x00000000f4700000,0x00000000fa380000)
 ParOldGen       total 971776K, used 735155K [0x00000000a0000000, 0x00000000db500000, 0x00000000e0000000)
  object space 971776K, 75% used [0x00000000a0000000,0x00000000ccdecdc0,0x00000000db500000)
 Metaspace       used 114049K, capacity 121292K, committed 123264K, reserved 1157120K
  class space    used 13616K, capacity 14678K, committed 14976K, reserved 1048576K
Event: 11485.882 GC heap after
Heap after GC invocations=120 (full 12):
 PSYoungGen      total 429568K, used 10778K [0x00000000e0000000, 0x0000000100000000, 0x0000000100000000)
  eden space 334848K, 0% used [0x00000000e0000000,0x00000000e0000000,0x00000000f4700000)
  from space 94720K, 11% used [0x00000000f4700000,0x00000000f5186ba0,0x00000000fa380000)
  to   space 94720K, 0% used [0x00000000fa380000,0x00000000fa380000,0x0000000100000000)
 ParOldGen       total 971776K, used 735155K [0x00000000a0000000, 0x00000000db500000, 0x00000000e0000000)
  object space 971776K, 75% used [0x00000000a0000000,0x00000000ccdecdc0,0x00000000db500000)
 Metaspace       used 114049K, capacity 121292K, committed 123264K, reserved 1157120K
  class space    used 13616K, capacity 14678K, committed 14976K, reserved 1048576K
}
Event: 12357.765 GC heap before
{Heap before GC invocations=121 (full 12):
 PSYoungGen      total 429568K, used 345626K [0x00000000e0000000, 0x0000000100000000, 0x0000000100000000)
  eden space 334848K, 100% used [0x00000000e0000000,0x00000000f4700000,0x00000000f4700000)
  from space 94720K, 11% used [0x00000000f4700000,0x00000000f5186ba0,0x00000000fa380000)
  to   space 94720K, 0% used [0x00000000fa380000,0x00000000fa380000,0x0000000100000000)
 ParOldGen       total 971776K, used 735155K [0x00000000a0000000, 0x00000000db500000, 0x00000000e0000000)
  object space 971776K, 75% used [0x00000000a0000000,0x00000000ccdecdc0,0x00000000db500000)
 Metaspace       used 119874K, capacity 127426K, committed 128384K, reserved 1161216K
  class space    used 14409K, capacity 15518K, committed 15744K, reserved 1048576K
Event: 12358.123 GC heap after
Heap after GC invocations=121 (full 12):
 PSYoungGen      total 424448K, used 21180K [0x00000000e0000000, 0x00000000ffb00000, 0x0000000100000000)
  eden space 334848K, 0% used [0x00000000e0000000,0x00000000e0000000,0x00000000f4700000)
  from space 89600K, 23% used [0x00000000fa380000,0x00000000fb82f0d8,0x00000000ffb00000)
  to   space 92160K, 0% used [0x00000000f4700000,0x00000000f4700000,0x00000000fa100000)
 ParOldGen       total 971776K, used 735163K [0x00000000a0000000, 0x00000000db500000, 0x00000000e0000000)
  object space 971776K, 75% used [0x00000000a0000000,0x00000000ccdeedc0,0x00000000db500000)
 Metaspace       used 119874K, capacity 127426K, committed 128384K, reserved 1161216K
  class space    used 14409K, capacity 15518K, committed 15744K, reserved 1048576K
}
Event: 12363.528 GC heap before
{Heap before GC invocations=122 (full 12):
 PSYoungGen      total 424448K, used 356028K [0x00000000e0000000, 0x00000000ffb00000, 0x0000000100000000)
  eden space 334848K, 100% used [0x00000000e0000000,0x00000000f4700000,0x00000000f4700000)
  from space 89600K, 23% used [0x00000000fa380000,0x00000000fb82f0d8,0x00000000ffb00000)
  to   space 92160K, 0% used [0x00000000f4700000,0x00000000f4700000,0x00000000fa100000)
 ParOldGen       total 971776K, used 735163K [0x00000000a0000000, 0x00000000db500000, 0x00000000e0000000)
  object space 971776K, 75% used [0x00000000a0000000,0x00000000ccdeedc0,0x00000000db500000)
 Metaspace       used 126064K, capacity 134402K, committed 134528K, reserved 1167360K
  class space    used 15173K, capacity 16393K, committed 16512K, reserved 1048576K
Event: 12363.600 GC heap after
Heap after GC invocations=122 (full 12):
 PSYoungGen      total 427008K, used 39099K [0x00000000e0000000, 0x00000000ff980000, 0x0000000100000000)
  eden space 334848K, 0% used [0x00000000e0000000,0x00000000e0000000,0x00000000f4700000)
  from space 92160K, 42% used [0x00000000f4700000,0x00000000f6d2ef00,0x00000000fa100000)
  to   space 87552K, 0% used [0x00000000fa400000,0x00000000fa400000,0x00000000ff980000)
 ParOldGen       total 971776K, used 735171K [0x00000000a0000000, 0x00000000db500000, 0x00000000e0000000)
  object space 971776K, 75% used [0x00000000a0000000,0x00000000ccdf0dc0,0x00000000db500000)
 Metaspace       used 126064K, capacity 134402K, committed 134528K, reserved 1167360K
  class space    used 15173K, capacity 16393K, committed 16512K, reserved 1048576K
}
Event: 12397.978 GC heap before
{Heap before GC invocations=123 (full 12):
 PSYoungGen      total 427008K, used 373947K [0x00000000e0000000, 0x00000000ff980000, 0x0000000100000000)
  eden space 334848K, 100% used [0x00000000e0000000,0x00000000f4700000,0x00000000f4700000)
  from space 92160K, 42% used [0x00000000f4700000,0x00000000f6d2ef00,0x00000000fa100000)
  to   space 87552K, 0% used [0x00000000fa400000,0x00000000fa400000,0x00000000ff980000)
 ParOldGen       total 971776K, used 735171K [0x00000000a0000000, 0x00000000db500000, 0x00000000e0000000)
  object space 971776K, 75% used [0x00000000a0000000,0x00000000ccdf0dc0,0x00000000db500000)
 Metaspace       used 127500K, capacity 135990K, committed 136192K, reserved 1169408K
  class space    used 15341K, capacity 16564K, committed 16640K, reserved 1048576K
Event: 12398.061 GC heap after
Heap after GC invocations=123 (full 12):
 PSYoungGen      total 430592K, used 48949K [0x00000000e0000000, 0x00000000ffa80000, 0x0000000100000000)
  eden space 343040K, 0% used [0x00000000e0000000,0x00000000e0000000,0x00000000f4f00000)
  from space 87552K, 55% used [0x00000000fa400000,0x00000000fd3cd5a8,0x00000000ff980000)
  to   space 87040K, 0% used [0x00000000f4f00000,0x00000000f4f00000,0x00000000fa400000)
 ParOldGen       total 971776K, used 735179K [0x00000000a0000000, 0x00000000db500000, 0x00000000e0000000)
  object space 971776K, 75% used [0x00000000a0000000,0x00000000ccdf2dc0,0x00000000db500000)
 Metaspace       used 127500K, capacity 135990K, committed 136192K, reserved 1169408K
  class space    used 15341K, capacity 16564K, committed 16640K, reserved 1048576K
}
Event: 12957.290 GC heap before
{Heap before GC invocations=124 (full 12):
 PSYoungGen      total 430592K, used 391989K [0x00000000e0000000, 0x00000000ffa80000, 0x0000000100000000)
  eden space 343040K, 100% used [0x00000000e0000000,0x00000000f4f00000,0x00000000f4f00000)
  from space 87552K, 55% used [0x00000000fa400000,0x00000000fd3cd5a8,0x00000000ff980000)
  to   space 87040K, 0% used [0x00000000f4f00000,0x00000000f4f00000,0x00000000fa400000)
 ParOldGen       total 971776K, used 735179K [0x00000000a0000000, 0x00000000db500000, 0x00000000e0000000)
  object space 971776K, 75% used [0x00000000a0000000,0x00000000ccdf2dc0,0x00000000db500000)
 Metaspace       used 131165K, capacity 140126K, committed 140288K, reserved 1173504K
  class space    used 15800K, capacity 17051K, committed 17152K, reserved 1048576K
Event: 12957.315 GC heap after
Heap after GC invocations=124 (full 12):
 PSYoungGen      total 430080K, used 27719K [0x00000000e0000000, 0x00000000ff980000, 0x0000000100000000)
  eden space 343040K, 0% used [0x00000000e0000000,0x00000000e0000000,0x00000000f4f00000)
  from space 87040K, 31% used [0x00000000f4f00000,0x00000000f6a11f20,0x00000000fa400000)
  to   space 83968K, 0% used [0x00000000fa780000,0x00000000fa780000,0x00000000ff980000)
 ParOldGen       total 971776K, used 735187K [0x00000000a0000000, 0x00000000db500000, 0x00000000e0000000)
  object space 971776K, 75% used [0x00000000a0000000,0x00000000ccdf4dc0,0x00000000db500000)
 Metaspace       used 131165K, capacity 140126K, committed 140288K, reserved 1173504K
  class space    used 15800K, capacity 17051K, committed 17152K, reserved 1048576K
}

